<?xml version="1.0" encoding="UTF-8"?>
<testng-results skipped="0" failed="0" ignored="0" total="1" passed="1">
  <reporter-output>
  </reporter-output>
  <suite name="Suite" duration-ms="15552" started-at="2021-07-04T12:56:04Z" finished-at="2021-07-04T12:56:19Z">
    <groups>
    </groups>
    <test name="Test" duration-ms="15552" started-at="2021-07-04T12:56:04Z" finished-at="2021-07-04T12:56:19Z">
      <class name="com.jbk.ass.NewTest">
        <test-method status="PASS" signature="f()[pri:0, instance:com.jbk.ass.NewTest@2b98378d]" name="f" duration-ms="15481" started-at="2021-07-04T12:56:04Z" finished-at="2021-07-04T12:56:19Z">
          <reporter-output>
          </reporter-output>
        </test-method> <!-- f -->
      </class> <!-- com.jbk.ass.NewTest -->
    </test> <!-- Test -->
  </suite> <!-- Suite -->
</testng-results>
